<?xml version="1.0" encoding="UTF-8"?>
<Site BuildName="Win32-make"
	BuildStamp="20211216-1337-Experimental"
	Name="MACHINE"
	Generator="ctest-3.10.1"
	CompilerName="D:/360Downloads/mingw64/bin/x86_64-w64-mingw32-g++.exe"
	CompilerVersion="8.1.0"
	OSName="Windows"
	Hostname="machine"
	OSRelease=" Personal"
	OSVersion=" (Build 18363)"
	OSPlatform="AMD64"
	Is64Bits="1"
	VendorString="GenuineIntel"
	VendorID="Intel Corporation"
	FamilyID="6"
	ModelID="14"
	ProcessorCacheSize="-1"
	NumberOfLogicalCPU="8"
	NumberOfPhysicalCPU="4"
	TotalVirtualMemory="14233"
	TotalPhysicalMemory="8089"
	LogicalProcessorsPerPhysical="2"
	ProcessorClockFrequency="1800"
	>
	<Testing>
		<StartDateTime>Dec 16 21:37 ?D1[NON-UTF-8-BYTE-0xA8][NON-UTF-8-BYTE-0xB2][NON-UTF-8-BYTE-0xA1][NON-UTF-8-BYTE-0xC0][NON-UTF-8-BYTE-0xA8][NON-UTF-8-BYTE-0xBA][NON-UTF-8-BYTE-0xA1][NON-UTF-8-BYTE-0xC1]?[NON-UTF-8-BYTE-0xA8][NON-UTF-8-BYTE-0xBA][NON-UTF-8-BYTE-0xA1][NON-UTF-8-BYTE-0xC0]??</StartDateTime>
		<StartTestTime>1639661856</StartTestTime>
		<TestList/>
		<EndDateTime>Dec 16 21:37 ?D1[NON-UTF-8-BYTE-0xA8][NON-UTF-8-BYTE-0xB2][NON-UTF-8-BYTE-0xA1][NON-UTF-8-BYTE-0xC0][NON-UTF-8-BYTE-0xA8][NON-UTF-8-BYTE-0xBA][NON-UTF-8-BYTE-0xA1][NON-UTF-8-BYTE-0xC1]?[NON-UTF-8-BYTE-0xA8][NON-UTF-8-BYTE-0xBA][NON-UTF-8-BYTE-0xA1][NON-UTF-8-BYTE-0xC0]??</EndDateTime>
		<EndTestTime>1639661856</EndTestTime>
		<ElapsedMinutes>0</ElapsedMinutes>
	</Testing>
</Site>
